0 verbose cli [
0 verbose cli   'C:\\Dev\\node\\node.exe',
0 verbose cli   'C:\\Users\\heris\\AppData\\Roaming\\npm\\node_modules\\npm\\bin\\npm-cli.js',
0 verbose cli   'install',
0 verbose cli   '-g',
0 verbose cli   'npm@lastest'
0 verbose cli ]
1 info using npm@7.15.0
2 info using node@v14.17.0
3 timing npm:load:whichnode Completed in 3ms
4 timing config:load:defaults Completed in 1ms
5 timing config:load:file:C:\Users\heris\AppData\Roaming\npm\node_modules\npm\npmrc Completed in 2ms
6 timing config:load:builtin Completed in 2ms
7 timing config:load:cli Completed in 2ms
8 timing config:load:env Completed in 0ms
9 timing config:load:file:C:\.npmrc Completed in 1ms
10 timing config:load:project Completed in 3ms
11 timing config:load:file:C:\Users\heris\.npmrc Completed in 3ms
12 timing config:load:user Completed in 3ms
13 timing config:load:file:C:\Users\heris\AppData\Roaming\npm\etc\npmrc Completed in 0ms
14 timing config:load:global Completed in 0ms
15 timing config:load:validate Completed in 1ms
16 timing config:load:credentials Completed in 1ms
17 timing config:load:setEnvs Completed in 0ms
18 timing config:load Completed in 13ms
19 timing npm:load:configload Completed in 13ms
20 timing npm:load:setTitle Completed in 1ms
21 timing npm:load:setupLog Completed in 1ms
22 timing npm:load:cleanupLog Completed in 3ms
23 timing npm:load:configScope Completed in 0ms
24 timing npm:load:projectScope Completed in 0ms
25 timing npm:load Completed in 21ms
26 timing config:load:flatten Completed in 3ms
27 timing arborist:ctor Completed in 1ms
28 timing idealTree:init Completed in 13ms
29 http fetch GET 304 https://registry.npmjs.org/npm 288ms (from cache)
30 timing idealTree Completed in 328ms
31 timing command:install Completed in 337ms
32 verbose type tag
33 verbose stack npm: No matching version found for npm@lastest.
33 verbose stack     at module.exports (C:\Users\heris\AppData\Roaming\npm\node_modules\npm\node_modules\npm-pick-manifest\index.js:209:23)
33 verbose stack     at C:\Users\heris\AppData\Roaming\npm\node_modules\npm\node_modules\pacote\lib\registry.js:118:26
33 verbose stack     at async Arborist.[retrieveSpecName] (C:\Users\heris\AppData\Roaming\npm\node_modules\npm\node_modules\@npmcli\arborist\lib\arborist\build-ideal-tree.js:502:18)
33 verbose stack     at async C:\Users\heris\AppData\Roaming\npm\node_modules\npm\node_modules\@npmcli\arborist\lib\arborist\build-ideal-tree.js:474:20
33 verbose stack     at async Promise.all (index 0)
33 verbose stack     at async Arborist.[applyUserRequestsToNode] (C:\Users\heris\AppData\Roaming\npm\node_modules\npm\node_modules\@npmcli\arborist\lib\arborist\build-ideal-tree.js:446:7)
33 verbose stack     at async Arborist.[applyUserRequests] (C:\Users\heris\AppData\Roaming\npm\node_modules\npm\node_modules\@npmcli\arborist\lib\arborist\build-ideal-tree.js:402:7)
33 verbose stack     at async Arborist.buildIdealTree (C:\Users\heris\AppData\Roaming\npm\node_modules\npm\node_modules\@npmcli\arborist\lib\arborist\build-ideal-tree.js:217:7)
33 verbose stack     at async Arborist.reify (C:\Users\heris\AppData\Roaming\npm\node_modules\npm\node_modules\@npmcli\arborist\lib\arborist\reify.js:136:5)
33 verbose stack     at async Install.install (C:\Users\heris\AppData\Roaming\npm\node_modules\npm\lib\install.js:150:5)
34 verbose cwd C:\Dev\OC\groupomania\groupomania\frontend
35 verbose Windows_NT 10.0.19042
36 verbose argv "C:\\Dev\\node\\node.exe" "C:\\Users\\heris\\AppData\\Roaming\\npm\\node_modules\\npm\\bin\\npm-cli.js" "install" "-g" "npm@lastest"
37 verbose node v14.17.0
38 verbose npm  v7.15.0
39 error code ETARGET
40 error notarget No matching version found for npm@lastest.
41 error notarget In most cases you or one of your dependencies are requesting
41 error notarget a package version that doesn't exist.
42 verbose exit 1
